<?xml version="1.0" encoding="UTF-8"?>
<testng-results ignored="3" total="4" passed="1" failed="0" skipped="0">
  <reporter-output>
    <line>
      <![CDATA[Dell_4059 create successfully With industry]]>
    </line>
  </reporter-output>
  <suite started-at="2025-05-05T15:37:53 IST" name="Suite" finished-at="2025-05-05T15:38:08 IST" duration-ms="14608">
    <groups>
      <group name="RegressionTest">
        <method signature="CreateOrgTest.createOrgWithIndustryTest()[pri:0, instance:com.ocean.crm.organizationtest.CreateOrgTest@dc7df28]" name="createOrgWithIndustryTest" class="com.ocean.crm.organizationtest.CreateOrgTest"/>
      </group> <!-- RegressionTest -->
    </groups>
    <test started-at="2025-05-05T15:37:53 IST" name="Test" finished-at="2025-05-05T15:38:08 IST" duration-ms="14608">
      <class name="com.ocean.crm.organizationtest.CreateOrgTest">
        <test-method is-config="true" signature="openBrowser()[pri:0, instance:com.ocean.crm.organizationtest.CreateOrgTest@dc7df28]" started-at="2025-05-05T15:37:53 IST" name="openBrowser" finished-at="2025-05-05T15:37:56 IST" duration-ms="2936" status="PASS">
          <reporter-output>
          </reporter-output>
        </test-method> <!-- openBrowser -->
        <test-method is-config="true" signature="login()[pri:0, instance:com.ocean.crm.organizationtest.CreateOrgTest@dc7df28]" started-at="2025-05-05T15:37:56 IST" name="login" finished-at="2025-05-05T15:38:00 IST" duration-ms="3409" status="PASS">
          <reporter-output>
          </reporter-output>
        </test-method> <!-- login -->
        <test-method signature="createOrgWithIndustryTest()[pri:0, instance:com.ocean.crm.organizationtest.CreateOrgTest@dc7df28]" started-at="2025-05-05T15:38:00 IST" name="createOrgWithIndustryTest" finished-at="2025-05-05T15:38:07 IST" duration-ms="7012" status="PASS">
          <reporter-output>
            <line>
              <![CDATA[Dell_4059 create successfully With industry]]>
            </line>
          </reporter-output>
        </test-method> <!-- createOrgWithIndustryTest -->
        <test-method is-config="true" signature="logout()[pri:0, instance:com.ocean.crm.organizationtest.CreateOrgTest@dc7df28]" started-at="2025-05-05T15:38:07 IST" name="logout" finished-at="2025-05-05T15:38:07 IST" duration-ms="753" status="PASS">
          <reporter-output>
          </reporter-output>
        </test-method> <!-- logout -->
        <test-method is-config="true" signature="closeBrowser()[pri:0, instance:com.ocean.crm.organizationtest.CreateOrgTest@dc7df28]" started-at="2025-05-05T15:38:07 IST" name="closeBrowser" finished-at="2025-05-05T15:38:08 IST" duration-ms="392" status="PASS">
          <reporter-output>
          </reporter-output>
        </test-method> <!-- closeBrowser -->
      </class> <!-- com.ocean.crm.organizationtest.CreateOrgTest -->
    </test> <!-- Test -->
  </suite> <!-- Suite -->
</testng-results>
