<?xml version="1.0" encoding="UTF-8"?>
<!-- Generated by org.testng.reporters.JUnitXMLReporter -->
<testsuite ignored="0" hostname="Dell5548" failures="0" tests="4" name="Test Runner-1" time="49.781" errors="0" timestamp="2025-04-18T18:22:46 IST">
  <testcase classname="com.ocean.crm.organizationtest.CreateOrgTest" name="createAndDeleteOrgTest" time="10.695"/>
  <testcase classname="com.ocean.crm.organizationtest.CreateOrgTest" name="createOrWithPhoneTest" time="8.996"/>
  <testcase classname="com.ocean.crm.organizationtest.CreateOrgTest" name="createOrgTest" time="6.04"/>
  <testcase classname="com.ocean.crm.organizationtest.CreateOrgTest" name="createOrgWithIndustryTest" time="6.522"/>
</testsuite> <!-- Test Runner-1 -->
