<?xml version="1.0" encoding="UTF-8"?>
<!-- Generated by org.testng.reporters.JUnitXMLReporter -->
<testsuite ignored="0" hostname="Dell5548" failures="0" tests="4" name="Test Runner-2" time="105.63" errors="0" timestamp="2025-04-18T18:23:42 IST">
  <testcase classname="com.ocean.crm.organizationtest.CreateOrgTest" name="createAndDeleteOrgTest" time="13.619"/>
  <testcase classname="com.ocean.crm.organizationtest.CreateOrgTest" name="createOrWithPhoneTest" time="7.548"/>
  <testcase classname="com.ocean.crm.organizationtest.CreateOrgTest" name="createOrgTest" time="4.58"/>
  <testcase classname="com.ocean.crm.organizationtest.CreateOrgTest" name="createOrgWithIndustryTest" time="0.0">
    <skipped/>
  </testcase> <!-- createOrgWithIndustryTest -->
</testsuite> <!-- Test Runner-2 -->
