<?xml version="1.0" encoding="UTF-8"?>
<!-- Generated by org.testng.reporters.JUnitXMLReporter -->
<testsuite ignored="3" hostname="Dell5548" failures="0" tests="1" name="Test" time="15.361" errors="0" timestamp="2025-04-30T16:18:40 IST">
  <testcase classname="com.ocean.crm.organizationtest.CreateOrgTest" name="createOrgWithIndustryTest" time="7.281"/>
  <testcase classname="com.ocean.crm.organizationtest.CreateOrgTest" name="createAndDeleteOrgTest" time="0.0">
    <ignored/>
  </testcase> <!-- createAndDeleteOrgTest -->
  <testcase classname="com.ocean.crm.organizationtest.CreateOrgTest" name="createOrgTest" time="0.0">
    <ignored/>
  </testcase> <!-- createOrgTest -->
  <testcase classname="com.ocean.crm.organizationtest.CreateOrgTest" name="createOrWithPhoneTest" time="0.0">
    <ignored/>
  </testcase> <!-- createOrWithPhoneTest -->
</testsuite> <!-- Test -->
